INFO  | 2020-10-05 22:07:45 | [main] UserJUnit.App (App.java:21) - Enter the First Name:
INFO  | 2020-10-05 22:33:36 | [main] UserJUnit.App (App.java:37) - Enter the First Name:
INFO  | 2020-10-05 22:33:44 | [main] UserJUnit.App (App.java:44) - Enter the Last Name:
INFO  | 2020-10-05 22:33:48 | [main] UserJUnit.App (App.java:51) - Enter the Email:
INFO  | 2020-10-05 22:33:55 | [main] UserJUnit.App (App.java:58) - Enter the Mobile Number:
INFO  | 2020-10-05 22:34:00 | [main] UserJUnit.App (App.java:61) - Invalid Entry. Enter the Mobile Number:
INFO  | 2020-10-05 22:34:00 | [main] UserJUnit.App (App.java:61) - Invalid Entry. Enter the Mobile Number:
INFO  | 2020-10-05 22:36:26 | [main] UserJUnit.App (App.java:37) - Enter the First Name:
INFO  | 2020-10-05 22:36:30 | [main] UserJUnit.App (App.java:44) - Enter the Last Name:
INFO  | 2020-10-05 22:36:32 | [main] UserJUnit.App (App.java:51) - Enter the Email:
INFO  | 2020-10-05 22:36:38 | [main] UserJUnit.App (App.java:59) - Enter the Mobile Number:
INFO  | 2020-10-05 22:36:45 | [main] UserJUnit.App (App.java:62) - Invalid Entry. Enter the Mobile Number:
INFO  | 2020-10-05 22:36:45 | [main] UserJUnit.App (App.java:62) - Invalid Entry. Enter the Mobile Number:
INFO  | 2020-10-05 22:39:51 | [main] UserJUnit.App (App.java:37) - Enter the First Name:
INFO  | 2020-10-05 22:39:56 | [main] UserJUnit.App (App.java:44) - Enter the Last Name:
INFO  | 2020-10-05 22:39:58 | [main] UserJUnit.App (App.java:51) - Enter the Email:
INFO  | 2020-10-05 22:40:03 | [main] UserJUnit.App (App.java:59) - Enter the Mobile Number:
INFO  | 2020-10-05 22:40:09 | [main] UserJUnit.App (App.java:66) - Enter the Password:
INFO  | 2020-10-05 22:40:17 | [main] UserJUnit.App (App.java:69) - Invalid Entry. Enter the Password:
INFO  | 2020-10-05 22:45:00 | [main] UserJUnit.App (App.java:37) - Enter the First Name:
INFO  | 2020-10-05 22:45:07 | [main] UserJUnit.App (App.java:44) - Enter the Last Name:
INFO  | 2020-10-05 22:45:08 | [main] UserJUnit.App (App.java:51) - Enter the Email:
INFO  | 2020-10-05 22:45:13 | [main] UserJUnit.App (App.java:59) - Enter the Mobile Number:
INFO  | 2020-10-05 22:45:18 | [main] UserJUnit.App (App.java:66) - Enter the Password:
INFO  | 2020-10-05 22:45:36 | [main] UserJUnit.App (App.java:69) - Invalid Entry. Enter the Password:
